  Building Custom Rule C:/Users/emoto/Documents/hold/NVidia_FaceTrack/OpenSource_Release4_AddTCP/MAXINE-AR-SDK-master/MAXINE-AR-SDK-master/OSS/samples/FaceTrack/CMakeLists.txt
  FaceEngine.cpp
  FaceTrack.cpp
C:\Users\emoto\Documents\hold\NVidia_FaceTrack\OpenSource_Release4_AddTCP\MAXINE-AR-SDK-master\MAXINE-AR-SDK-master\OSS\samples\FaceTrack\FaceTrack.cpp(186): warning C4996: 'getenv': This function or variable may be unsafe. Consider using _dupenv_s instead. To disable deprecation, use _CRT_SECURE_NO_WARNINGS. See online help for details.
  C:\Program Files (x86)\Windows Kits\10\Include\10.0.22621.0\ucrt\stdlib.h(1184): note: see declaration of 'getenv'
C:\Users\emoto\Documents\hold\NVidia_FaceTrack\OpenSource_Release4_AddTCP\MAXINE-AR-SDK-master\MAXINE-AR-SDK-master\OSS\samples\FaceTrack\FaceTrack.cpp(259): warning C4996: 'localtime': This function or variable may be unsafe. Consider using localtime_s instead. To disable deprecation, use _CRT_SECURE_NO_WARNINGS. See online help for details.
  C:\Program Files (x86)\Windows Kits\10\Include\10.0.22621.0\ucrt\time.h(525): note: see declaration of 'localtime'
C:\Users\emoto\Documents\hold\NVidia_FaceTrack\OpenSource_Release4_AddTCP\MAXINE-AR-SDK-master\MAXINE-AR-SDK-master\OSS\samples\FaceTrack\FaceTrack.cpp(748): warning C4996: 'sscanf': This function or variable may be unsafe. Consider using sscanf_s instead. To disable deprecation, use _CRT_SECURE_NO_WARNINGS. See online help for details.
  C:\Program Files (x86)\Windows Kits\10\Include\10.0.22621.0\ucrt\stdio.h(2240): note: see declaration of 'sscanf'
C:\Users\emoto\Documents\hold\NVidia_FaceTrack\OpenSource_Release4_AddTCP\MAXINE-AR-SDK-master\MAXINE-AR-SDK-master\OSS\samples\FaceTrack\FaceTrack.cpp(820): warning C4996: 'fopen': This function or variable may be unsafe. Consider using fopen_s instead. To disable deprecation, use _CRT_SECURE_NO_WARNINGS. See online help for details.
  C:\Program Files (x86)\Windows Kits\10\Include\10.0.22621.0\ucrt\stdio.h(213): note: see declaration of 'fopen'
C:\Users\emoto\Documents\hold\NVidia_FaceTrack\OpenSource_Release4_AddTCP\MAXINE-AR-SDK-master\MAXINE-AR-SDK-master\OSS\samples\FaceTrack\FaceTrack.cpp(825): warning C4996: 'fopen': This function or variable may be unsafe. Consider using fopen_s instead. To disable deprecation, use _CRT_SECURE_NO_WARNINGS. See online help for details.
  C:\Program Files (x86)\Windows Kits\10\Include\10.0.22621.0\ucrt\stdio.h(213): note: see declaration of 'fopen'
C:\Users\emoto\Documents\hold\NVidia_FaceTrack\OpenSource_Release4_AddTCP\MAXINE-AR-SDK-master\MAXINE-AR-SDK-master\OSS\samples\FaceTrack\FaceTrack.cpp(830): warning C4996: 'fopen': This function or variable may be unsafe. Consider using fopen_s instead. To disable deprecation, use _CRT_SECURE_NO_WARNINGS. See online help for details.
  C:\Program Files (x86)\Windows Kits\10\Include\10.0.22621.0\ucrt\stdio.h(213): note: see declaration of 'fopen'
C:\Users\emoto\Documents\hold\NVidia_FaceTrack\OpenSource_Release4_AddTCP\MAXINE-AR-SDK-master\MAXINE-AR-SDK-master\OSS\samples\FaceTrack\FaceTrack.cpp(1017): warning C4996: 'sscanf': This function or variable may be unsafe. Consider using sscanf_s instead. To disable deprecation, use _CRT_SECURE_NO_WARNINGS. See online help for details.
  C:\Program Files (x86)\Windows Kits\10\Include\10.0.22621.0\ucrt\stdio.h(2240): note: see declaration of 'sscanf'
  RenderingUtils.cpp
  FeatureVertexName.cpp
  nvARProxy.cpp
  nvCVImageProxy.cpp
  Generating Code...
     Creating library C:/Users/emoto/Documents/hold/NVidia_FaceTrack/OpenSource_Release4_AddTCP/MAXINE-AR-SDK-master/MAXINE-AR-SDK-master/OSS/build/samples/FaceTrack/Release/FaceTrack.lib and object C:/Users/emoto/Documents/hold/NVidia_FaceTrack/OpenSource_Release4_AddTCP/MAXINE-AR-SDK-master/MAXINE-AR-SDK-master/OSS/build/samples/FaceTrack/Release/FaceTrack.exp
  FaceTrack.vcxproj -> C:\Users\emoto\Documents\hold\NVidia_FaceTrack\OpenSource_Release4_AddTCP\MAXINE-AR-SDK-master\MAXINE-AR-SDK-master\OSS\build\Release\FaceTrack.exe
